###############################################################
#  Generated by:      Cadence Encounter 09.11-s084_1
#  OS:                Linux x86_64(Host ID ecegrid-thin4.ecn.purdue.edu)
#  Generated on:      Thu Oct 23 16:37:45 2014
#  Command:           addMetalFill -layer {1 2 3} -nets {gnd vdd}
###############################################################

Iteration name: default
Fill shape type: FILLWIRE
Layer M1 - Fill width    : 0.900um - 1.950um
Layer M1 - Fill length   : 1.050um - 9.900um
Layer M1 - Active spacing: 0.900um
Layer M1 - Gap spacing   : 0.900um
Layer M1 - Window size   : 100um X 100um
Layer M1 - Window step   : 50um X 50um
Layer M1 - Min Density   : 20%
Layer M1 - Pref Density  : 35%
Layer M1 - Max Density   : 80%
Layer M1 - Ext Density   : 35%
Layer M1 - Number of windows (total - met pref density = processed): 1015 - 33 = 982
Layer M2 - Fill width    : 0.900um - 1.950um
Layer M2 - Fill length   : 1.050um - 9.900um
Layer M2 - Active spacing: 0.900um
Layer M2 - Gap spacing   : 0.900um
Layer M2 - Window size   : 100um X 100um
Layer M2 - Window step   : 50um X 50um
Layer M2 - Min Density   : 20%
Layer M2 - Pref Density  : 35%
Layer M2 - Max Density   : 80%
Layer M2 - Ext Density   : 35%
Layer M2 - Number of windows (total - met pref density = processed): 1015 - 15 = 1000
Layer M3 - Fill width    : 1.500um - 1.950um
Layer M3 - Fill length   : 1.050um - 9.900um
Layer M3 - Active spacing: 0.900um
Layer M3 - Gap spacing   : 0.900um
Layer M3 - Window size   : 100um X 100um
Layer M3 - Window step   : 50um X 50um
Layer M3 - Min Density   : 20%
Layer M3 - Pref Density  : 35%
Layer M3 - Max Density   : 80%
Layer M3 - Ext Density   : 35%
Layer M3 - Number of windows (total - met pref density = processed): 1015 - 10 = 1005

***************Before filling***************

Layer M1 - Number of windows under minimum density (20%): 304 out of total 1015.
Layer M1 - Number of windows over maximum density  (80%): 0 out of total 1015.

Layer M2 - Number of windows under minimum density (20%): 366 out of total 1015.
Layer M2 - Number of windows over maximum density  (80%): 0 out of total 1015.

Layer M3 - Number of windows under minimum density (20%): 447 out of total 1015.
Layer M3 - Number of windows over maximum density  (80%): 0 out of total 1015.

***************After filling***************

Layer M1 - Number of windows under minimum density (20%): 0 out of total 1015.
Layer M1 - Number of windows over maximum density  (80%): 0 out of total 1015.

Layer M2 - Number of windows under minimum density (20%): 4 out of total 1015.
Layer M2 - Number of windows over maximum density  (80%): 0 out of total 1015.

Layer M3 - Number of windows under minimum density (20%): 0 out of total 1015.
Layer M3 - Number of windows over maximum density  (80%): 0 out of total 1015.

