\o Program:		@(#)$CDS: libManager.exe version Exp 01/19/2010 20:09 (ocelot-linux) $
\o Sub version:		sub-version none
\o Arguments:		-mpssession icfb30055 -mpshost ecegrid-thin4.ecn.purdue.edu 
\o Working Directory:	ecegrid-thin4.ecn.purdue.edu:/home/ecegrid/a/mg109/ece337/Lab7
\o Extended color mode (TrueColor 32 0x4e) in use.
\o Loading customization file "/package/eda/cells/ncsu-cdk-1.5.1/local/cdssetup/cdsLibMgr.il"
\o Loading NCSU Library Manager customizations...done.
\o Log file is "/home/ecegrid/a/mg109/ece337/Lab7/libManager.log".
Opening libManager window.
No main selection
\o Library Manager customization server connected.
MPS service: map window
Invoking command (cdkCreateNewLib).
MPS request: update library list
MPS request: update library list
MPS request: update library list
MPS request: update library list
Main selection: My_Layout lab7_layout_design layout
\o Opening design file through session server.
MPS request: edit design
\o Opening design file through session server.
MPS request: edit design
\o Opening design file through session server.
MPS request: edit design
MPS request: update library list
Invoking command (fileOpen).
\o Opening design file through session server.
MPS request: edit design
\o Opening design file through session server.
MPS request: edit design
\o Opening design file through session server.
MPS request: edit design
\o libManager is exiting.
